<?xml version="1.0" encoding="UTF-8"?>
<testsuite name="invadem.ProjectileTest" tests="2" skipped="0" failures="0" errors="0" timestamp="2019-11-12T09:30:19" hostname="vlan-2649-10-19-145-66.student.wireless.sydney.edu.au" time="0.0">
  <properties/>
  <testcase name="testProjectileConstruction" classname="invadem.ProjectileTest" time="0.0"/>
  <testcase name="testProjectiletick" classname="invadem.ProjectileTest" time="0.0"/>
  <system-out><![CDATA[]]></system-out>
  <system-err><![CDATA[]]></system-err>
</testsuite>
