<?xml version="1.0" encoding="UTF-8"?>
<testsuite name="invadem.InvaderTest" tests="8" skipped="0" failures="0" errors="0" timestamp="2019-11-12T09:30:19" hostname="vlan-2649-10-19-145-66.student.wireless.sydney.edu.au" time="0.002">
  <properties/>
  <testcase name="testInvaderMoveRight" classname="invadem.InvaderTest" time="0.0"/>
  <testcase name="testInvaderConstruction" classname="invadem.InvaderTest" time="0.001"/>
  <testcase name="testInvaderMoveLeft" classname="invadem.InvaderTest" time="0.0"/>
  <testcase name="testInvaderMovedown" classname="invadem.InvaderTest" time="0.0"/>
  <testcase name="testInvadergetmovestate" classname="invadem.InvaderTest" time="0.0"/>
  <testcase name="testInvadergetstate0" classname="invadem.InvaderTest" time="0.0"/>
  <testcase name="testInvadergetstate1" classname="invadem.InvaderTest" time="0.0"/>
  <testcase name="testInvadergetstate2" classname="invadem.InvaderTest" time="0.0"/>
  <system-out><![CDATA[]]></system-out>
  <system-err><![CDATA[]]></system-err>
</testsuite>
