<?xml version="1.0" encoding="UTF-8"?>
<testsuite name="invadem.AppTest" tests="1" skipped="0" failures="0" errors="0" timestamp="2019-11-12T09:30:19" hostname="vlan-2649-10-19-145-66.student.wireless.sydney.edu.au" time="0.042">
  <properties/>
  <testcase name="testcollesion" classname="invadem.AppTest" time="0.042"/>
  <system-out><![CDATA[]]></system-out>
  <system-err><![CDATA[]]></system-err>
</testsuite>
